<?xml version="1.0" encoding="UTF-8" ?>
<testsuite tests="9" failures="0" name="it.polimi.ingsw.model.MatchSoloTest" time="0.063" errors="0" skipped="0">
  <properties>
    <property name="idea.version" value="2020.3.2"/>
    <property name="java.runtime.name" value="Java(TM) SE Runtime Environment"/>
    <property name="java.vm.version" value="13.0.1+9"/>
    <property name="sun.boot.library.path" value="C:\Program Files\Java\jdk-13.0.1\bin"/>
    <property name="maven.multiModuleProjectDirectory" value="C:\Users\shalb\Google Drive (shalby.hazem.sh@gmail.com)\UNIVERSITA\TRIENNALE\PROVA_FINALE\ing-sw-2021-shalby-taborelli-conti"/>
    <property name="java.vm.vendor" value="Oracle Corporation"/>
    <property name="java.vendor.url" value="https://java.oracle.com/"/>
    <property name="guice.disable.misplaced.annotation.check" value="true"/>
    <property name="path.separator" value=";"/>
    <property name="java.vm.name" value="Java HotSpot(TM) 64-Bit Server VM"/>
    <property name="sun.os.patch.level" value=""/>
    <property name="user.script" value=""/>
    <property name="user.country" value="IT"/>
    <property name="sun.java.launcher" value="SUN_STANDARD"/>
    <property name="java.vm.specification.name" value="Java Virtual Machine Specification"/>
    <property name="user.dir" value="C:\Users\shalb\Google Drive (shalby.hazem.sh@gmail.com)\UNIVERSITA\TRIENNALE\PROVA_FINALE\ing-sw-2021-shalby-taborelli-conti"/>
    <property name="java.vm.compressedOopsMode" value="Zero based"/>
    <property name="java.runtime.version" value="13.0.1+9"/>
    <property name="os.arch" value="amd64"/>
    <property name="java.io.tmpdir" value="C:\Users\shalb\AppData\Local\Temp\"/>
    <property name="line.separator" value="
"/>
    <property name="java.vm.specification.vendor" value="Oracle Corporation"/>
    <property name="user.variant" value=""/>
    <property name="os.name" value="Windows 10"/>
    <property name="maven.ext.class.path" value="C:\Program Files\JetBrains\IntelliJ IDEA 2020.3.2\plugins\maven\lib\maven-event-listener.jar"/>
    <property name="classworlds.conf" value="C:\Program Files\JetBrains\IntelliJ IDEA 2020.3.2\plugins\maven\lib\maven3\bin\m2.conf"/>
    <property name="sun.jnu.encoding" value="Cp1252"/>
    <property name="java.library.path" value="C:\Program Files\Java\jdk-13.0.1\bin;C:\WINDOWS\Sun\Java\bin;C:\WINDOWS\system32;C:\WINDOWS;C:\Program Files\Common Files\Oracle\Java\javapath;C:\Program Files (x86)\Common Files\Oracle\Java\javapath;C:\Windows\system32;C:\Windows;C:\Windows\System32\Wbem;C:\Windows\System32\WindowsPowerShell\v1.0\;C:\Windows\System32\OpenSSH\;C:\Program Files\Intel\WiFi\bin\;C:\Program Files\Common Files\Intel\WirelessCommon\;C:\Program Files (x86)\NVIDIA Corporation\PhysX\Common;C:\Program Files\NVIDIA Corporation\NVIDIA NvDLISR;C:\Program Files\Microsoft VS Code\bin;C:\Program Files\dotnet\;C:\Program Files\Microsoft SQL Server\130\Tools\Binn\;C:\Program Files\Microsoft SQL Server\Client SDK\ODBC\170\Tools\Binn\;C:\Program Files\Git\cmd;D:\bin;C:\Program Files (x86)\AOMEI\AOMEI Backupper 5.7.0;C:\Program Files (x86)\Yarn\bin\;C:\Program Files\nodejs\;C:\Program Files\Java\jdk1.8.0_261\bin;C:\Users\shalb\AppData\Local\Android\Sdk;C:\Users\shalb\AppData\Local\Android\Sdk\platform-tools;C:\Users\shalb\AppData\Local\Android\Sdk\emulator;C:\Users\shalb\AppData\Roaming\npm;C:\Program Files\PuTTY\;C:\Program Files (x86)\Xuggle\bin;C:\WINDOWS\system32;C:\WINDOWS;C:\WINDOWS\System32\Wbem;C:\WINDOWS\System32\WindowsPowerShell\v1.0\;C:\WINDOWS\System32\OpenSSH\;C:\Users\shalb\AppData\Local\Microsoft\WindowsApps;C:\Users\shalb\AppData\Local\atom\bin;C:\Users\shalb\AppData\Local\Yarn\bin;C:\Users\shalb\AppData\Roaming\npm;C:\Program Files\JetBrains\CLion 2020.2.3\bin;C:\Users\shalb\AppData\Local\Microsoft\WindowsApps;C:\Users\shalb\AppData\Local\gitkraken\bin;C:\Users\shalb\AppData\Local\GitHubDesktop\bin;C:\Program Files\java\jdk-13.0.1\bin;;."/>
    <property name="maven.conf" value="C:\Program Files\JetBrains\IntelliJ IDEA 2020.3.2\plugins\maven\lib\maven3/conf"/>
    <property name="jdk.debug" value="release"/>
    <property name="java.class.version" value="57.0"/>
    <property name="java.specification.name" value="Java Platform API Specification"/>
    <property name="sun.management.compiler" value="HotSpot 64-Bit Tiered Compilers"/>
    <property name="os.version" value="10.0"/>
    <property name="user.home" value="C:\Users\shalb"/>
    <property name="user.timezone" value="Europe/Rome"/>
    <property name="file.encoding" value="UTF-8"/>
    <property name="java.specification.version" value="13"/>
    <property name="user.name" value="shalb"/>
    <property name="java.class.path" value="C:\Program Files\JetBrains\IntelliJ IDEA 2020.3.2\plugins\maven\lib\maven3\boot\plexus-classworlds-2.6.0.jar;C:\Program Files\JetBrains\IntelliJ IDEA 2020.3.2\plugins\maven\lib\maven3\boot\plexus-classworlds.license"/>
    <property name="java.vm.specification.version" value="13"/>
    <property name="sun.arch.data.model" value="64"/>
    <property name="sun.java.command" value="org.codehaus.classworlds.Launcher -Didea.version=2020.3.2 install"/>
    <property name="java.home" value="C:\Program Files\Java\jdk-13.0.1"/>
    <property name="user.language" value="it"/>
    <property name="java.specification.vendor" value="Oracle Corporation"/>
    <property name="java.vm.info" value="mixed mode, sharing"/>
    <property name="java.version" value="13.0.1"/>
    <property name="java.vendor" value="Oracle Corporation"/>
    <property name="maven.home" value="C:\Program Files\JetBrains\IntelliJ IDEA 2020.3.2\plugins\maven\lib\maven3"/>
    <property name="file.separator" value="\"/>
    <property name="java.version.date" value="2019-10-15"/>
    <property name="java.vendor.url.bug" value="https://bugreport.java.com/bugreport/"/>
    <property name="sun.io.unicode.encoding" value="UnicodeLittle"/>
    <property name="sun.cpu.endian" value="little"/>
    <property name="sun.cpu.isalist" value="amd64"/>
  </properties>
  <testcase classname="it.polimi.ingsw.model.MatchSoloTest" name="testExecuteAction" time="0.016"/>
  <testcase classname="it.polimi.ingsw.model.MatchSoloTest" name="testGenerateActionTokens" time="0.006"/>
  <testcase classname="it.polimi.ingsw.model.MatchSoloTest" name="testDiscardTwoLeaderCard" time="0.011"/>
  <testcase classname="it.polimi.ingsw.model.MatchSoloTest" name="testHasLose" time="0.006"/>
  <testcase classname="it.polimi.ingsw.model.MatchSoloTest" name="testIsMyTurn" time="0.004"/>
  <testcase classname="it.polimi.ingsw.model.MatchSoloTest" name="testPickActionToken" time="0.009"/>
  <testcase classname="it.polimi.ingsw.model.MatchSoloTest" name="testMatchSolo" time="0.004"/>
  <testcase classname="it.polimi.ingsw.model.MatchSoloTest" name="testHasWon" time="0.004"/>
  <testcase classname="it.polimi.ingsw.model.MatchSoloTest" name="testMoveAheadBlackCross" time="0.003"/>
</testsuite>